Vu Nguyen Thai Binh‣TRANFOOD: 100.00
TRANFOOD.cpp
Dịch thành công

Vu Nguyen Thai Binh‣TRANFOOD‣Test01: 5.00
Thời gian ≈ 0.123446900 giây
Kết quả khớp đáp án!
Vu Nguyen Thai Binh‣TRANFOOD‣Test02: 5.00
Thời gian ≈ 0.088001638 giây
Kết quả khớp đáp án!
Vu Nguyen Thai Binh‣TRANFOOD‣Test03: 5.00
Thời gian ≈ 0.094733187 giây
Kết quả khớp đáp án!
Vu Nguyen Thai Binh‣TRANFOOD‣Test04: 5.00
Thời gian ≈ 0.097619440 giây
Kết quả khớp đáp án!
Vu Nguyen Thai Binh‣TRANFOOD‣Test05: 5.00
Thời gian ≈ 0.088819846 giây
Kết quả khớp đáp án!
Vu Nguyen Thai Binh‣TRANFOOD‣Test06: 5.00
Thời gian ≈ 0.105662974 giây
Kết quả khớp đáp án!
Vu Nguyen Thai Binh‣TRANFOOD‣Test07: 5.00
Thời gian ≈ 0.112386541 giây
Kết quả khớp đáp án!
Vu Nguyen Thai Binh‣TRANFOOD‣Test08: 5.00
Thời gian ≈ 0.103626860 giây
Kết quả khớp đáp án!
Vu Nguyen Thai Binh‣TRANFOOD‣Test09: 5.00
Thời gian ≈ 0.098113216 giây
Kết quả khớp đáp án!
Vu Nguyen Thai Binh‣TRANFOOD‣Test10: 5.00
Thời gian ≈ 0.113530323 giây
Kết quả khớp đáp án!
Vu Nguyen Thai Binh‣TRANFOOD‣Test11: 5.00
Thời gian ≈ 0.442660097 giây
Kết quả khớp đáp án!
Vu Nguyen Thai Binh‣TRANFOOD‣Test12: 5.00
Thời gian ≈ 0.222622932 giây
Kết quả khớp đáp án!
Vu Nguyen Thai Binh‣TRANFOOD‣Test13: 5.00
Thời gian ≈ 0.696985627 giây
Kết quả khớp đáp án!
Vu Nguyen Thai Binh‣TRANFOOD‣Test14: 5.00
Thời gian ≈ 0.093891031 giây
Kết quả khớp đáp án!
Vu Nguyen Thai Binh‣TRANFOOD‣Test15: 5.00
Thời gian ≈ 0.526448101 giây
Kết quả khớp đáp án!
Vu Nguyen Thai Binh‣TRANFOOD‣Test16: 5.00
Thời gian ≈ 0.638694948 giây
Kết quả khớp đáp án!
Vu Nguyen Thai Binh‣TRANFOOD‣Test17: 5.00
Thời gian ≈ 0.706858300 giây
Kết quả khớp đáp án!
Vu Nguyen Thai Binh‣TRANFOOD‣Test18: 5.00
Thời gian ≈ 0.307822133 giây
Kết quả khớp đáp án!
Vu Nguyen Thai Binh‣TRANFOOD‣Test19: 5.00
Thời gian ≈ 0.187767807 giây
Kết quả khớp đáp án!
Vu Nguyen Thai Binh‣TRANFOOD‣Test20: 5.00
Thời gian ≈ 0.788004660 giây
Kết quả khớp đáp án!
