Vu Nguyen Thai Binh‣PARTIES: 100.00
PARTIES.cpp
Dịch thành công

Vu Nguyen Thai Binh‣PARTIES‣test01: 5.00
Thời gian ≈ 0.148114613 giây
 Ket qua dung!!! 
Vu Nguyen Thai Binh‣PARTIES‣test02: 5.00
Thời gian ≈ 0.091223727 giây
 Ket qua dung!!! 
Vu Nguyen Thai Binh‣PARTIES‣test03: 5.00
Thời gian ≈ 0.124616910 giây
 Ket qua dung!!! 
Vu Nguyen Thai Binh‣PARTIES‣test04: 5.00
Thời gian ≈ 0.095081567 giây
 Ket qua dung!!! 
Vu Nguyen Thai Binh‣PARTIES‣test05: 5.00
Thời gian ≈ 0.094469764 giây
 Ket qua dung!!! 
Vu Nguyen Thai Binh‣PARTIES‣test06: 5.00
Thời gian ≈ 0.099735379 giây
 Ket qua dung!!! 
Vu Nguyen Thai Binh‣PARTIES‣test07: 5.00
Thời gian ≈ 0.108445455 giây
 Ket qua dung!!! 
Vu Nguyen Thai Binh‣PARTIES‣test08: 5.00
Thời gian ≈ 0.101719037 giây
 Ket qua dung!!! 
Vu Nguyen Thai Binh‣PARTIES‣test09: 5.00
Thời gian ≈ 0.114989415 giây
 Ket qua dung!!! 
Vu Nguyen Thai Binh‣PARTIES‣test10: 5.00
Thời gian ≈ 0.149235588 giây
 Ket qua dung!!! 
Vu Nguyen Thai Binh‣PARTIES‣test11: 5.00
Thời gian ≈ 0.308799993 giây
 Ket qua dung!!! 
Vu Nguyen Thai Binh‣PARTIES‣test12: 5.00
Thời gian ≈ 0.680458950 giây
 Ket qua dung!!! 
Vu Nguyen Thai Binh‣PARTIES‣test13: 5.00
Thời gian ≈ 0.770327928 giây
 Ket qua dung!!! 
Vu Nguyen Thai Binh‣PARTIES‣test14: 5.00
Thời gian ≈ 0.884178122 giây
 Ket qua dung!!! 
Vu Nguyen Thai Binh‣PARTIES‣test15: 5.00
Thời gian ≈ 0.844456507 giây
 Ket qua dung!!! 
Vu Nguyen Thai Binh‣PARTIES‣test16: 5.00
Thời gian ≈ 0.845065460 giây
 Ket qua dung!!! 
Vu Nguyen Thai Binh‣PARTIES‣test17: 5.00
Thời gian ≈ 0.872390783 giây
 Ket qua dung!!! 
Vu Nguyen Thai Binh‣PARTIES‣test18: 5.00
Thời gian ≈ 0.696995321 giây
 Ket qua dung!!! 
Vu Nguyen Thai Binh‣PARTIES‣test19: 5.00
Thời gian ≈ 0.645162504 giây
 Ket qua dung!!! 
Vu Nguyen Thai Binh‣PARTIES‣test20: 5.00
Thời gian ≈ 0.708184540 giây
 Ket qua dung!!! 
